"../../../Engine/Content/Functions/Engine_MaterialFunctions01/Shading/PowerToRoughness.uasset" 0
"../../../Engine/Content/Functions/Engine_MaterialFunctions01/Shading/ConvertFromDiffSpec.uasset" 1
"../../../Engine/Content/EngineMaterials/DefaultDiffuse.uasset" 2
"../../../Engine/Content/EngineMaterials/DefaultDeferredDecalMaterial.uasset" 3
"../../../Engine/Content/EngineMaterials/DefaultLightFunctionMaterial.uasset" 4
"../../../Engine/Content/Functions/Engine_MaterialFunctions02/Utility/BreakOutFloat2Components.uasset" 5
"../../../Engine/Content/EngineMaterials/DefaultPostProcessMaterial.uasset" 6
"../../../Engine/Content/EditorMaterials/Camera/CineMat.uasset" 7
"../../../Engine/Content/EditorMaterials/Camera/MI_CineMat_Rig.uasset" 8
"../../../Engine/Content/EditorMeshes/Camera/SM_CraneRig_Base.uasset" 9
"../../../Engine/Content/EditorMeshes/Camera/SM_CraneRig_Arm.uasset" 10
"../../../Engine/Content/EditorMeshes/Camera/SM_CraneRig_Mount.uasset" 11
"../../../Engine/Content/EditorMeshes/Camera/SM_CraneRig_Body.uasset" 12
"../../../Engine/Content/EditorMeshes/Camera/SM_RailRig_Track.uasset" 13
"../../../Engine/Content/EditorMeshes/Camera/SM_RailRig_Mount.uasset" 14
"../../../Engine/Content/EngineResources/AICON-Red.uasset" 15
"../../../Engine/Content/EngineResources/AICON-Green.uasset" 16
"../../../Engine/Content/EngineFonts/Roboto.uasset" 17
"../../../Engine/Content/EngineResources/DefaultTexture.uasset" 18
"../../../Engine/Content/Functions/Engine_MaterialFunctions01/Texturing/ScaleUVsByCenter.uasset" 19
"../../../Engine/Content/Functions/Engine_MaterialFunctions02/ScreenResolution.uasset" 20
"../../../Engine/Content/Functions/Engine_MaterialFunctions02/Texturing/ScreenAlignedUVs.uasset" 21
"../../../Engine/Content/EngineResources/WhiteSquareTexture.uasset" 22
"../../../Engine/Content/EngineMaterials/Widget3DPassThrough.uasset" 23
"../../../Engine/Content/EngineMaterials/Widget3DPassThrough_Translucent.uasset" 24
"../../../Engine/Content/EngineMaterials/Widget3DPassThrough_Translucent_OneSided.uasset" 25
"../../../Engine/Content/EngineMaterials/Widget3DPassThrough_Opaque.uasset" 26
"../../../Engine/Content/EngineMaterials/Widget3DPassThrough_Opaque_OneSided.uasset" 27
"../../../Engine/Content/EngineMaterials/Widget3DPassThrough_Masked.uasset" 28
"../../../Engine/Content/EngineMaterials/Widget3DPassThrough_Masked_OneSided.uasset" 29
"../../../Engine/Content/EditorResources/S_Actor.uasset" 30
"../../../Engine/Content/EngineSky/EpicQuadPanorama_CC+EV1.uasset" 31
"../../../Engine/Content/Maps/Templates/Thumbnails/Default.uasset" 32
"../../../Engine/Content/Maps/Templates/Thumbnails/VR-Basic.uasset" 33
"../../../Engine/Content/EditorMaterials/ParticleSystems/PSysThumbnail_NoImage.uasset" 34
"../../../Engine/Content/EditorMaterials/ParticleSystems/PSysThumbnail_OOD.uasset" 35
"../../../Engine/Content/EditorLandscapeResources/DataLayer.uasset" 36
"../../../Engine/Content/EngineDamageTypes/DmgTypeBP_Environmental.uasset" 37
"../../../Engine/Content/EngineMeshes/Sphere.uasset" 38
"../../../Engine/Content/EngineFonts/RobotoDistanceField.uasset" 39
"../../../Engine/Content/EngineMaterials/DefaultTextMaterialOpaque.uasset" 40
"../../../Engine/Content/EditorResources/S_Trigger.uasset" 41
"../../../Engine/Content/EngineResources/GradientTexture0.uasset" 42
"../../../Engine/Content/EngineResources/Black.uasset" 43
"../../../Engine/Content/EditorMaterials/MatineeGroups/MAT_Groups_Float.uasset" 44
"../../../Engine/Content/EditorMaterials/MatineeGroups/MAT_Groups_Director.uasset" 45
"../../../Engine/Content/EditorMaterials/MatineeGroups/MAT_Groups_Event.uasset" 46
"../../../Engine/Content/EditorMaterials/MatineeGroups/MAT_Groups_Anim.uasset" 47
"../../../Engine/Content/EditorMaterials/MatineeGroups/MAT_Groups_Fade.uasset" 48
"../../../Engine/Content/EditorMaterials/MatineeGroups/MAT_Groups_Move.uasset" 49
"../../../Engine/Content/EditorMaterials/MatineeGroups/MAT_Groups_Slomo.uasset" 50
"../../../Engine/Content/EditorMaterials/MatineeGroups/MAT_ColorTrack.uasset" 51
"../../../Engine/Content/EditorMaterials/MAT_Groups_Toggle.uasset" 52
"../../../Engine/Content/EditorMaterials/MatineeGroups/MAT_Groups_AudioMaster.uasset" 53
"../../../Engine/Content/EditorMaterials/MatineeGroups/MAT_Groups_Sound.uasset" 54
"../../../Engine/Content/EditorMaterials/MatineeGroups/MAT_Groups_Vector.uasset" 55
"../../../Engine/Content/EditorMaterials/MAT_Groups_Visibility.uasset" 56
"../../../Engine/Content/EngineResources/DefaultTextureCube.uasset" 57
"../../../Engine/Content/Functions/Engine_MaterialFunctions01/Opacity/CameraDepthFade.uasset" 58
"../../../Engine/Content/EngineMaterials/T_Default_Material_Grid_M.uasset" 59
"../../../Engine/Content/EngineMaterials/T_Default_Material_Grid_N.uasset" 60
"../../../Engine/Content/EngineMaterials/DefaultMaterial.uasset" 61
"../../../Engine/Content/EngineMeshes/Cylinder.uasset" 62
"../../../Engine/Content/EngineTireTypes/DefaultTireType.uasset" 63
"../../../Engine/Content/VREditor/LaserPointer/VR_LaserPower_01.uasset" 64
"../../../Engine/Content/VREditor/TransformGizmo/TransformGizmoMaterial.uasset" 65
"../../../Engine/Content/VREditor/TransformGizmo/TranslucentTransformGizmoMaterial.uasset" 66
"../../../Engine/Content/VREditor/TransformGizmo/UniformScaleHandle.uasset" 67
"../../../Engine/Content/VREditor/TransformGizmo/TranslateHandleLong.uasset" 68
"../../../Engine/Content/VREditor/TransformGizmo/PlaneTranslationHandle.uasset" 69
"../../../Engine/Content/VREditor/TransformGizmo/RotationHandleFull.uasset" 70
"../../../Engine/Content/VREditor/TransformGizmo/StretchingHandle.uasset" 71
"../../../Engine/Content/VREditor/TransformGizmo/BoundingBoxCorner.uasset" 72
"../../../Engine/Content/VREditor/TransformGizmo/BoundingBoxEdge.uasset" 73
"../../../Engine/Content/VREditor/UI/SelectionBarMesh.uasset" 74
"../../../Engine/Content/VREditor/UI/CloseButtonMesh.uasset" 75
"../../../Engine/Content/VREditor/FloatingText/LineMaterial.uasset" 76
"../../../Engine/Content/VREditor/FloatingText/LineSegmentCylinder.uasset" 77
"../../../Engine/Content/VREditor/FloatingText/JointSphere.uasset" 78
"../../../Engine/Content/VREditor/Fonts/VRText_RobotoLarge.uasset" 79
"../../../Engine/Content/VREditor/Fonts/VRTextMaterial.uasset" 80
"../../../Engine/Content/VREditor/Fonts/TranslucentVRTextMaterial.uasset" 81
"../../../Engine/Content/VREditor/TransformGizmo/TranslationHandle.uasset" 82
"../../../Engine/Content/VREditor/TransformGizmo/RotationHandle.uasset" 83
"../../../Engine/Content/VREditor/Devices/Generic/GenericHMDMaterial.uasset" 84
"../../../Engine/Content/VREditor/Devices/Generic/GenericHMD.uasset" 85
"../../../Engine/Content/Functions/Engine_MaterialFunctions01/Gradient/RadialGradient.uasset" 86
"../../../Engine/Content/EditorLandscapeResources/FlattenHeightMat.uasset" 87
"../../../Engine/Content/VREditor/WorldMovementGrid/PlaneMesh.uasset" 88
"../../../Engine/Content/VREditor/WorldMovementGrid/SimpleGrid.uasset" 89
"../../../Engine/Content/VREditor/WorldMovementGrid/GridMaterial.uasset" 90
"../../../Engine/Content/VREditor/LaserPointer/LaserPointerMaterial.uasset" 91
"../../../Engine/Content/VREditor/LaserPointer/LaserPointerMaterialInst.uasset" 92
"../../../Engine/Content/VREditor/LaserPointer/TranslucentLaserPointerMaterialInst.uasset" 93
"../../../Engine/Content/VREditor/LaserPointer/LaserPointerMesh.uasset" 94
"../../../Engine/Content/Functions/Engine_MaterialFunctions01/Density/ExponentialDensity.uasset" 95
"../../../Engine/Content/VREditor/WorldMovementGrid/GridPostProcess.uasset" 96
"../../../Engine/Content/VREditor/Sounds/VR_teleport_Cue.uasset" 97
"../../../Engine/Content/VREditor/Sounds/VR_grab_Cue.uasset" 98
"../../../Engine/Content/Tutorial/Landscape/TutorialAssets/Landscape.uasset" 99
"../../../Engine/Content/Tutorial/Basics/TutorialAssets/icon_tab_Levels_40x.uasset" 100
"../../../Engine/Content/Tutorial/ContentIntroCurve.uasset" 101
"../../../Engine/Plugins/2D/Paper2D/Content/PlaceholderTextures/DummySpriteTexture.uasset" 102
"../../../Engine/Plugins/2D/Paper2D/Content/DefaultSpriteMaterial.uasset" 103
"../../../Engine/Plugins/2D/Paper2D/Content/MaskedUnlitSpriteMaterial.uasset" 104
"../../../Engine/Plugins/2D/Paper2D/Content/OpaqueUnlitSpriteMaterial.uasset" 105
"../../../Engine/Plugins/2D/Paper2D/Content/DummySprite.uasset" 106
"../../../Engine/Plugins/2D/Paper2D/Content/DefaultPaperTerrainMaterial.uasset" 107
"../../../Engine/Content/EngineMaterials/RemoveSurfaceMaterial.uasset" 108
"../../../Engine/Content/EngineDebugMaterials/DebugMeshMaterial.uasset" 109
"../../../Engine/Content/EngineMaterials/InvalidLightmapSettings.uasset" 110
"../../../Engine/Content/EngineMaterials/M_InvalidLightmapSettings.uasset" 111
"../../../Engine/Content/EditorMaterials/GizmoMaterial.uasset" 112
"../../../Engine/Content/EngineMaterials/PhAT_JointLimitMaterial.uasset" 113
"../../../Engine/Content/EngineMaterials/Good64x64TilingNoiseHighFreq.uasset" 114
"../../../Engine/Content/EngineMaterials/DefaultBokeh.uasset" 115
"../../../Engine/Content/EngineMaterials/PreintegratedSkinBRDF.uasset" 116
"../../../Engine/Content/EngineMaterials/MiniFont.uasset" 117
"../../../Engine/Content/EngineMaterials/WeightMapPlaceholderTexture.uasset" 118
"../../../Engine/Content/EngineMaterials/DefaultWhiteGrid.uasset" 119
"../../../Engine/Content/EngineMaterials/DefaultPhysicalMaterial.uasset" 120
"../../../Engine/Content/EngineFonts/RobotoTiny.uasset" 121
"../../../Engine/Content/EditorSounds/Notifications/CompileSuccess.uasset" 122
"../../../Engine/Content/EditorSounds/Notifications/CompileStart_Cue.uasset" 123
"../../../Engine/Content/EditorSounds/Notifications/CompileSuccess_Cue.uasset" 124
"../../../Engine/Content/EditorSounds/Notifications/CompileFailed.uasset" 125
"../../../Engine/Content/EditorSounds/Notifications/CompileFailed_Cue.uasset" 126
"../../../Engine/Content/BasicShapes/Cone.uasset" 127
"../../../Engine/Content/EditorResources/BSPVertex.uasset" 128
"../../../Engine/Content/EngineDebugMaterials/GeomMaterial.uasset" 129
"../../../Engine/Content/EngineDebugMaterials/HeatmapGradient.uasset" 130
"../../../Engine/Content/EngineDebugMaterials/BoneWeightMaterial.uasset" 131
"../../../Engine/Content/EditorMaterials/PreviewShadowIndicator.uasset" 132
"../../../Engine/Content/EditorMaterials/PreviewShadowIndicatorMaterial.uasset" 133
"../../../Engine/Content/EngineMaterials/EditorBrushMaterial.uasset" 134
"../../../Engine/Content/EditorMeshes/ColorCalibrator/M_ChromeBall.uasset" 135
"../../../Engine/Content/EditorMeshes/ColorCalibrator/M_ClearCoat.uasset" 136
"../../../Engine/Content/EditorMeshes/ColorCalibrator/M_ClearCoatBlack.uasset" 137
"../../../Engine/Content/EditorMeshes/ColorCalibrator/T_ColorGrid.uasset" 138
"../../../Engine/Content/EditorMeshes/ColorCalibrator/M_ColorGrid.uasset" 139
"../../../Engine/Content/EditorMeshes/ColorCalibrator/M_GreyBall.uasset" 140
"../../../Engine/Content/EditorMeshes/ColorCalibrator/SM_ColorCalibrator.uasset" 141
"../../../Engine/Content/MobileResources/HUD/VirtualJoystick_Background.uasset" 142
"../../../Engine/Content/MobileResources/HUD/VirtualJoystick_Thumb.uasset" 143
"../../../Engine/Content/MobileResources/HUD/DefaultVirtualJoysticks.uasset" 144
"../../../Engine/Content/Tutorial/BlueprintTutorials/TutorialAssets/Blueprint_64x.uasset" 145
"../../../Engine/Content/Tutorial/SubEditors/TutorialAssets/icon_Editor_Preferences_General_40x.uasset" 146
"../../../Engine/Content/Tutorial/Paper2D/TutorialAssets/Paper2DSprite_TutorialIcon.uasset" 147
"../../../Engine/Content/Tutorial/SubEditors/TutorialAssets/icon_ShowSkeletalMeshes_40x.uasset" 148
"../../../Engine/Content/Tutorial/Foliage/TutorialAssets/Foliage.uasset" 149
"../../../Engine/Content/Tutorial/BlueprintTutorials/TutorialAssets/BlueprintMacroLibrary_64x.uasset" 150
"../../../Engine/Content/Tutorial/BlueprintTutorials/TutorialAssets/BlueprintInterface_64x.uasset" 151
"../../../Engine/Content/Tutorial/Paper2D/TutorialAssets/Paper2DFlipbook_TutorialIcon.uasset" 152
"../../../Engine/Content/MobileResources/HUD/T_Castle_ThumbstickInner.uasset" 153
"../../../Engine/Content/EditorResources/EmptyActor.uasset" 154
"../../../Engine/Content/MobileResources/HUD/MobileHUDDirectionPad2.uasset" 155
"../../../Engine/Content/EngineMeshes/Cube.uasset" 156
"../../../Engine/Content/Tutorial/BlueprintTutorials/TutorialAssets/Tutorial_BP_Interface.uasset" 157
"../../../Engine/Content/EngineMaterials/WorldGridMaterial.uasset" 158
"../../../Engine/Content/EditorMeshes/EditorCube.uasset" 159
"../../../Engine/Content/Tutorial/SubEditors/TutorialAssets/Tutorial_DM.uasset" 160
"../../../Engine/Content/Tutorial/SubEditors/TutorialAssets/TutorialMaterial.uasset" 161
"../../../Engine/Content/Tutorial/SubEditors/TutorialAssets/T_SmokeSubUV_8X8.uasset" 162
"../../../Engine/Content/Tutorial/SubEditors/TutorialAssets/T_soft_smoke.uasset" 163
"../../../Engine/Content/Tutorial/SubEditors/TutorialAssets/M_smoke_subUV_blackbody.uasset" 164
"../../../Engine/Content/Tutorial/SubEditors/TutorialAssets/TutorialParticleSystem.uasset" 165
"../../../Engine/Content/MobileResources/HUD/MobileHUDButtonFire.uasset" 166
"../../../Engine/Content/MobileResources/HUD/MobileHUDButton3.uasset" 167
"../../../Engine/Content/MobileResources/HUD/MobileHUDButton2_on.uasset" 168
"../../../Engine/Content/MobileResources/HUD/MobileHUDButton2_off.uasset" 169
"../../../Engine/Content/MobileResources/HUD/MobileHUDButton1_on.uasset" 170
"../../../Engine/Content/MobileResources/HUD/MobileHUDButton1_off.uasset" 171
"../../../Engine/Content/MobileResources/HUD/LeftVirtualJoystickOnly.uasset" 172
"../../../Engine/Content/MobileResources/T_MobileMenu2.uasset" 173
"../../../Engine/Content/MobileResources/T_MobileControls_texture.uasset" 174
"../../../VRGrid/Content/Blueprints/PickUp.uasset" 175
"../../../VRGrid/Content/Mannequin/Character/Mesh/UE4_Mannequin_Skeleton.uasset" 176
"../../../VRGrid/Content/Mannequin/Animations/ThirdPerson_Jump.uasset" 177
"../../../VRGrid/Content/Mannequin/Animations/ThirdPersonJump_Loop.uasset" 178
"../../../VRGrid/Content/Mannequin/Animations/ThirdPersonJump_Start.uasset" 179
"../../../VRGrid/Content/Mannequin/Animations/ThirdPersonIdle.uasset" 180
"../../../VRGrid/Content/Mannequin/Animations/ThirdPersonRun.uasset" 181
"../../../VRGrid/Content/Mannequin/Animations/ThirdPersonWalk.uasset" 182
"../../../VRGrid/Content/Mannequin/Animations/ThirdPerson_IdleRun_2D.uasset" 183
"../../../Engine/Content/EditorBlueprintResources/StandardMacros.uasset" 184
"../../../VRGrid/Content/Mannequin/Animations/ThirdPerson_AnimBP.uasset" 185
"../../../Engine/Content/Functions/Engine_MaterialFunctions02/Utility/BlendAngleCorrectedNormals.uasset" 186
"../../../Engine/Content/Functions/MaterialLayerFunctions/MatLayerBlend_NormalBlend.uasset" 187
"../../../Engine/Content/Functions/MaterialLayerFunctions/MatLayerBlend_Simple.uasset" 188
"../../../VRGrid/Content/Mannequin/Character/Materials/MaterialLayers/T_ML_Rubber_Blue_01_D.uasset" 189
"../../../VRGrid/Content/Mannequin/Character/Materials/MaterialLayers/T_ML_Rubber_Blue_01_N.uasset" 190
"../../../VRGrid/Content/Mannequin/Character/Materials/MaterialLayers/ML_GlossyBlack_Latex_UE4.uasset" 191
"../../../VRGrid/Content/Mannequin/Character/Materials/MaterialLayers/ML_Plastic_Shiny_Beige.uasset" 192
"../../../VRGrid/Content/Mannequin/Character/Textures/UE4_LOGO_CARD.uasset" 193
"../../../VRGrid/Content/Mannequin/Character/Materials/MaterialLayers/ML_Plastic_Shiny_Beige_LOGO.uasset" 194
"../../../VRGrid/Content/Mannequin/Character/Materials/MaterialLayers/T_ML_Aluminum01.uasset" 195
"../../../VRGrid/Content/Mannequin/Character/Materials/MaterialLayers/T_ML_Aluminum01_N.uasset" 196
"../../../VRGrid/Content/Mannequin/Character/Materials/MaterialLayers/ML_SoftMetal_UE4.uasset" 197
"../../../VRGrid/Content/Mannequin/Character/Textures/UE4_Mannequin__normals.uasset" 198
"../../../VRGrid/Content/Mannequin/Character/Textures/UE4_Mannequin_MAT_MASKA.uasset" 199
"../../../VRGrid/Content/Mannequin/Character/Materials/M_UE4Man_Body.uasset" 200
"../../../VRGrid/Content/Mannequin/Character/Textures/UE4Man_Logo_N.uasset" 201
"../../../VRGrid/Content/Mannequin/Character/Materials/M_UE4Man_ChestLogo.uasset" 202
"../../../VRGrid/Content/Mannequin/Character/Mesh/SK_Mannequin_PhysicsAsset.uasset" 203
"../../../VRGrid/Content/Mannequin/Character/Mesh/SK_Mannequin.uasset" 204
"../../../VRGrid/Content/ThirdPersonBP/Blueprints/ThirdPersonCharacter.uasset" 205
"../../../VRGrid/Content/PyroParticlePack/Textures/Particles/Spark_02_b.uasset" 206
"../../../VRGrid/Content/PyroParticlePack/Textures/Particles/Spark_02.uasset" 207
"../../../VRGrid/Content/PyroParticlePack/Textures/Particles/Smoke_8x8_02.uasset" 208
"../../../VRGrid/Content/PyroParticlePack/Textures/Particles/Noise_01.uasset" 209
"../../../VRGrid/Content/PyroParticlePack/Textures/Particles/Flames_8x4_03_BW.uasset" 210
"../../../VRGrid/Content/PyroParticlePack/Textures/Particles/Flames_8x4_02_BW.uasset" 211
"../../../VRGrid/Content/PyroParticlePack/Textures/Particles/Flames_8x4_02.uasset" 212
"../../../VRGrid/Content/PyroParticlePack/Textures/Particles/Flames_8x4_01_BW.uasset" 213
"../../../VRGrid/Content/PyroParticlePack/Textures/Particles/Flames_16x4_02.uasset" 214
"../../../VRGrid/Content/PyroParticlePack/Textures/Particles/FlamesRound_8x8_01_bw.uasset" 215
"../../../VRGrid/Content/PyroParticlePack/Textures/Particles/FlamesRound_8x4_01_BW.uasset" 216
"../../../VRGrid/Content/PyroParticlePack/Textures/Particles/FlamesRound_8x4_01.uasset" 217
"../../../VRGrid/Content/PyroParticlePack/Textures/Particles/FireBlast_8x4_02_BW.uasset" 218
"../../../VRGrid/Content/PyroParticlePack/Textures/Particles/FireBlast_8x4_01_BW.uasset" 219
"../../../VRGrid/Content/PyroParticlePack/Textures/Particles/FireBlast_8x4_01.uasset" 220
"../../../VRGrid/Content/PyroParticlePack/Materials/PPP_Radial_Gradient.uasset" 221
"../../../VRGrid/Content/PyroParticlePack/Textures/Particles/Flames_16x4_01.uasset" 222
"../../../VRGrid/Content/PyroParticlePack/Textures/Particles/SphericalNormal_001.uasset" 223
"../../../VRGrid/Content/PyroParticlePack/Materials/PPP_Particles_lit.uasset" 224
"../../../VRGrid/Content/PyroParticlePack/Textures/Particles/Flames_8x4_03.uasset" 225
"../../../VRGrid/Content/PyroParticlePack/Materials/Particles/PPP_Particles_01_Burnout_01_A1.uasset" 226
"../../../VRGrid/Content/PyroParticlePack/Textures/Particles/Flames_8x4_01.uasset" 227
"../../../VRGrid/Content/PyroParticlePack/Materials/Particles/PPP_Particles_01_Flames_02_A.uasset" 228
"../../../VRGrid/Content/PyroParticlePack/Textures/Particles/FlamesRound_8x8_01.uasset" 229
"../../../VRGrid/Content/PyroParticlePack/Materials/Particles/PPP_Particles_01_Flames_03_A.uasset" 230
"../../../VRGrid/Content/PyroParticlePack/Particles/PPP_FlameJet_01_b.uasset" 231
"../../../VRGrid/Content/PyroParticlePack/Textures/Particles/Smoke_8x8_01.uasset" 232
"../../../VRGrid/Content/PyroParticlePack/Materials/Particles/PPP_Particle_01_Smoke_01_A.uasset" 233
"../../../VRGrid/Content/PyroParticlePack/Textures/Particles/Smoke_8x4_02.uasset" 234
"../../../VRGrid/Content/PyroParticlePack/Materials/Particles/PPP_Particle_01_Smoke_04_A.uasset" 235
"../../../VRGrid/Content/PyroParticlePack/Textures/Particles/FlamesBurst_8x4_01.uasset" 236
"../../../VRGrid/Content/PyroParticlePack/Materials/Particles/PPP_Particles_01_FlamesBurnout_01_Add.uasset" 237
"../../../VRGrid/Content/PyroParticlePack/Particles/PPP_Fire_02_b.uasset" 238
"../../../VRGrid/Content/PyroParticlePack/Textures/Particles/Flames_16x4_01_BW.uasset" 239
"../../../VRGrid/Content/PyroParticlePack/Materials/Particles/PPP_Particles_01_Flames_01_A.uasset" 240
"../../../VRGrid/Content/PyroParticlePack/Particles/PPP_Fire_01_b.uasset" 241
"../../../VRGrid/Content/PyroParticlePack/Textures/Particles/CandleFlame_16x4_01.uasset" 242
"../../../VRGrid/Content/PyroParticlePack/Materials/Particles/PPP_Particles_01_Candle_01_Add.uasset" 243
"../../../VRGrid/Content/PyroParticlePack/Particles/PPP_Candle_01_b.uasset" 244
"../../../VRGrid/Content/PyroParticlePack/Materials/Particles/PPP_Particle_01_Smoke_04_Add.uasset" 245
"../../../VRGrid/Content/PyroParticlePack/Textures/Particles/Smoke_8x8_03.uasset" 246
"../../../VRGrid/Content/PyroParticlePack/Materials/Particles/PPP_Particle_01_Smoke_03_A.uasset" 247
"../../../VRGrid/Content/PyroParticlePack/Textures/Particles/Smoke_8x4_01.uasset" 248
"../../../VRGrid/Content/PyroParticlePack/Materials/Particles/PPP_Particle_01_Smoke_02_Add.uasset" 249
"../../../VRGrid/Content/Meshes/01_-_Default5.uasset" 250
"../../../VRGrid/Content/Meshes/Mug_D.uasset" 251
"../../../VRGrid/Content/Meshes/21_-_Default.uasset" 252
"../../../VRGrid/Content/Meshes/SM_Mug.uasset" 253
"../../../VRGrid/Content/Blueprints/Mug.uasset" 254
"../../../VRGrid/Content/Blueprints/EnemyBP.uasset" 255
"../../../VRGrid/Content/Blueprints/NavPointBP.uasset" 256
"../../../VRGrid/Content/BPs/Grid_BP.uasset" 257
"../../../VRGrid/Content/Meshes/NewMaterial.uasset" 258
"../../../VRGrid/Content/Meshes/SM_Cylinder.uasset" 259
"../../../VRGrid/Content/Blueprints/Placeable_BP.uasset" 260
"../../../VRGrid/Content/Meshes/onepointfive_texture.uasset" 261
"../../../VRGrid/Content/Meshes/_vr_controller_vive_1_5default.uasset" 262
"../../../VRGrid/Content/Meshes/Controller.uasset" 263
"../../../VRGrid/Content/Blueprints/VRPawn2.uasset" 264
"../../../VRGrid/Content/Meshes/NewMaterial2.uasset" 265
"../../../Engine/Content/BasicShapes/Sphere.uasset" 266
"../../../VRGrid/Content/Blueprints/Projectile.uasset" 267
"../../../Engine/Content/BasicShapes/BasicShapeMaterial.uasset" 268
"../../../Engine/Content/BasicShapes/Cylinder.uasset" 269
"../../../VRGrid/Content/Blueprints/Shooter.uasset" 270
"../../../VRGrid/Content/Blueprints/Mug2.uasset" 271
"../../../VRGrid/Content/MyPlaceable.uasset" 272
"../../../Engine/Content/MobileResources/HUD/MobileHUDDirectionStick.uasset" 273
"../../../Engine/Content/MobileResources/HUD/T_Castle_ThumbstickOutter.uasset" 274
"../../../Engine/Content/MobileResources/HUD/MobileHUDDirectionPad3.uasset" 275
"../../../Engine/Content/MobileResources/HUD/MobileHUDDirectionPad.uasset" 276
"../../../Engine/Content/MobileResources/HUD/AnalogHat.uasset" 277
"../../../Engine/Content/EngineMaterials/DefaultNormal.uasset" 278
"../../../Engine/Content/Maps/Entry.umap" 279
"../../../VRGrid/Content/PyroParticlePack/Particles/PPP_Fire_01.uasset" 280
"../../../VRGrid/Content/PyroParticlePack/Blueprints/Fire_1.uasset" 281
"../../../VRGrid/Content/PyroParticlePack/Particles/PPP_Fire_02.uasset" 282
"../../../VRGrid/Content/PyroParticlePack/Blueprints/Fire_2.uasset" 283
"../../../VRGrid/Content/PyroParticlePack/Particles/PPP_Candle_01.uasset" 284
"../../../VRGrid/Content/PyroParticlePack/Blueprints/Candle_1.uasset" 285
"../../../VRGrid/Content/PyroParticlePack/Materials/Particles/PPP_Particle_01_Smoke_2_A.uasset" 286
"../../../VRGrid/Content/PyroParticlePack/Textures/Particles/FireBlast_8x4_02.uasset" 287
"../../../VRGrid/Content/PyroParticlePack/Materials/Particles/PPP_Particles_01_Blast_01_Add.uasset" 288
"../../../VRGrid/Content/PyroParticlePack/Textures/Particles/FireBlast_8x4_03_.uasset" 289
"../../../VRGrid/Content/PyroParticlePack/Materials/Particles/PPP_Particles_01_Blast_02_A.uasset" 290
"../../../VRGrid/Content/PyroParticlePack/Textures/Particles/Spark_01.uasset" 291
"../../../VRGrid/Content/PyroParticlePack/Materials/Particles/PPP_Particles_01_Sparks_01_A.uasset" 292
"../../../VRGrid/Content/PyroParticlePack/Particles/PPP_Explosion_01.uasset" 293
"../../../VRGrid/Content/PyroParticlePack/Blueprints/Explosion_1.uasset" 294
"../../../VRGrid/Content/PyroParticlePack/Textures/Particles/FireBlast_8x4_04_.uasset" 295
"../../../VRGrid/Content/PyroParticlePack/Materials/Particles/PPP_Particles_01_Blast_03_A.uasset" 296
"../../../VRGrid/Content/PyroParticlePack/Particles/PPP_Explosion_02.uasset" 297
"../../../VRGrid/Content/PyroParticlePack/Blueprints/Explosion_2.uasset" 298
"../../../VRGrid/Content/PyroParticlePack/Particles/PPP_FlameJet_01.uasset" 299
"../../../VRGrid/Content/PyroParticlePack/Blueprints/FireGeyser.uasset" 300
"../../../VRGrid/Content/PyroParticlePack/Blueprints/MyPlayer.uasset" 301
"../../../VRGrid/Content/PyroParticlePack/Blueprints/MyGame.uasset" 302
"../../../Engine/Content/MapTemplates/Bokeh_5Sides.uasset" 303
"../../../Engine/Content/MapTemplates/T_ScreenDirt02_w.uasset" 304
"../../../VRGrid/Content/PyroParticlePack/HDRI/HDRI_Epic_Courtyard_Daylight.uasset" 305
"../../../VRGrid/Content/PyroParticlePack/Textures/World/FlatNormal_01.uasset" 306
"../../../VRGrid/Content/PyroParticlePack/Materials/PPP_ReflectiveFlat.uasset" 307
"../../../VRGrid/Content/PyroParticlePack/Materials/Objects/PPP_ReflectiveFlat_Floors_Inst.uasset" 308
"../../../VRGrid/Content/PyroParticlePack/Objects/PPP_Pedistal_01.uasset" 309
"../../../VRGrid/Content/PyroParticlePack/Objects/WLD_FLoor_01.uasset" 310
"../../../VRGrid/Content/PyroParticlePack/Materials/Objects/PPP_ReflectiveFlat_BackWalls_Inst.uasset" 311
"../../../VRGrid/Content/PyroParticlePack/Objects/WLD_Wall_01.uasset" 312
"../../../VRGrid/Content/PyroParticlePack/Particles/PPP_Explosion_01_b.uasset" 313
"../../../VRGrid/Content/PyroParticlePack/Maps/PyroParticleTexturePack.umap" 314
"../../../Engine/Content/EngineSky/C_Sky_Cloud_Color.uasset" 315
"../../../Engine/Content/EngineSky/C_Sky_Horizon_Color.uasset" 316
"../../../Engine/Content/EngineSky/C_Sky_Zenith_Color.uasset" 317
"../../../Engine/Content/EngineSky/T_Sky_Blue.uasset" 318
"../../../Engine/Content/EngineSky/T_Sky_Clouds_M.uasset" 319
"../../../Engine/Content/EngineSky/T_Sky_Stars.uasset" 320
"../../../Engine/Content/EngineSky/M_Sky_Panning_Clouds2.uasset" 321
"../../../Engine/Content/EngineSky/SM_SkySphere.uasset" 322
"../../../Engine/Content/EngineSky/BP_Sky_Sphere.uasset" 323
"../../../Engine/Content/BasicShapes/Cube.uasset" 324
"../../../Engine/Content/MapTemplates/SM_Template_Map_Floor.uasset" 325
"../../../VRGrid/Content/NewMap.umap" 326
"../../../VRGrid/Content/Blueprints/EnemyPrototype.uasset" 327
"../../../VRGrid/Content/Blueprints/VRPawn.uasset" 328
"../../../VRGrid/Content/Blueprints/PlaceableSpawner.uasset" 329
"../../../VRGrid/Content/BPs/MyGameMode.uasset" 330
"../../../VRGrid/Content/Meshes/GridAlpha.uasset" 331
"../../../VRGrid/Content/Meshes/Grid.uasset" 332
"../../../VRGrid/Content/Meshes/SM_GridPlane.uasset" 333
"../../../Engine/Content/Functions/Engine_MaterialFunctions01/Gradient/RadialGradientExponential.uasset" 334
"../../../VRGrid/Content/Meshes/GridPoint.uasset" 335
"../../../VRGrid/Content/Meshes/SM_GridPoint.uasset" 336
"../../../VRGrid/Content/Meshes/01_-_Default.uasset" 337
"../../../VRGrid/Content/Meshes/01_-_Default2.uasset" 338
"../../../VRGrid/Content/Meshes/01_-_Default3.uasset" 339
"../../../VRGrid/Content/Meshes/01_-_Default4.uasset" 340
"../../../VRGrid/Content/Meshes/SM_Ground.uasset" 341
"../../../VRGrid/Content/Default.umap" 342
